<?xml version="1.0" encoding="UTF-8"?>
<!-- Generated by org.testng.reporters.JUnitReportReporter -->
<testsuite hostname="DESKTOP-KI9J8S8" failures="0" tests="1" name="com.visionit.BankingProject.testCases.Login_TestCase_01" time="34.896" errors="0" timestamp="28 Dec 2020 03:03:03 GMT" skipped="0">
  <testcase classname="com.visionit.BankingProject.testCases.Login_TestCase_01" name="loginGuru99BankTest" time="34.896"/>
</testsuite> <!-- com.visionit.BankingProject.testCases.Login_TestCase_01 -->
